2025-11-08T06:51:59.139+05:30  INFO 8592 --- [Healthcare-Backend] [restartedMain] com.healthcare.Application               : Starting Application using Java 21.0.6 with PID 8592 (D:\CDAC\ADVANCED_JAVA\Day018\Healthcare_Backed\springboot_backend_template\target\classes started by ADMIN in D:\CDAC\ADVANCED_JAVA\Day018\Healthcare_Backed\springboot_backend_template)
2025-11-08T06:51:59.140+05:30  INFO 8592 --- [Healthcare-Backend] [restartedMain] com.healthcare.Application               : No active profile set, falling back to 1 default profile: "default"
2025-11-08T06:51:59.596+05:30  INFO 8592 --- [Healthcare-Backend] [restartedMain] .s.d.r.c.RepositoryConfigurationDelegate : Bootstrapping Spring Data JPA repositories in DEFAULT mode.
2025-11-08T06:51:59.636+05:30  INFO 8592 --- [Healthcare-Backend] [restartedMain] .s.d.r.c.RepositoryConfigurationDelegate : Finished Spring Data repository scanning in 25 ms. Found 4 JPA repository interfaces.
2025-11-08T06:51:59.794+05:30  INFO 8592 --- [Healthcare-Backend] [restartedMain] o.s.b.w.embedded.tomcat.TomcatWebServer  : Tomcat initialized with port 8080 (http)
2025-11-08T06:51:59.795+05:30  INFO 8592 --- [Healthcare-Backend] [restartedMain] o.apache.catalina.core.StandardService   : Starting service [Tomcat]
2025-11-08T06:51:59.795+05:30  INFO 8592 --- [Healthcare-Backend] [restartedMain] o.apache.catalina.core.StandardEngine    : Starting Servlet engine: [Apache Tomcat/10.1.48]
2025-11-08T06:51:59.821+05:30  INFO 8592 --- [Healthcare-Backend] [restartedMain] o.a.c.c.C.[Tomcat].[localhost].[/]       : Initializing Spring embedded WebApplicationContext
2025-11-08T06:51:59.821+05:30  INFO 8592 --- [Healthcare-Backend] [restartedMain] w.s.c.ServletWebServerApplicationContext : Root WebApplicationContext: initialization completed in 677 ms
2025-11-08T06:51:59.943+05:30  INFO 8592 --- [Healthcare-Backend] [restartedMain] o.hibernate.jpa.internal.util.LogHelper  : HHH000204: Processing PersistenceUnitInfo [name: default]
2025-11-08T06:51:59.949+05:30  INFO 8592 --- [Healthcare-Backend] [restartedMain] o.h.c.internal.RegionFactoryInitiator    : HHH000026: Second-level cache disabled
2025-11-08T06:51:59.963+05:30  INFO 8592 --- [Healthcare-Backend] [restartedMain] o.s.o.j.p.SpringPersistenceUnitInfo      : No LoadTimeWeaver setup: ignoring JPA class transformer
2025-11-08T06:51:59.965+05:30  INFO 8592 --- [Healthcare-Backend] [restartedMain] com.zaxxer.hikari.HikariDataSource       : HikariPool-8 - Starting...
2025-11-08T06:51:59.972+05:30  INFO 8592 --- [Healthcare-Backend] [restartedMain] com.zaxxer.hikari.pool.HikariPool        : HikariPool-8 - Added connection com.mysql.cj.jdbc.ConnectionImpl@775740e2
2025-11-08T06:51:59.974+05:30  INFO 8592 --- [Healthcare-Backend] [restartedMain] com.zaxxer.hikari.HikariDataSource       : HikariPool-8 - Start completed.
2025-11-08T06:51:59.975+05:30  WARN 8592 --- [Healthcare-Backend] [restartedMain] org.hibernate.orm.deprecation            : HHH90000025: MySQLDialect does not need to be specified explicitly using 'hibernate.dialect' (remove the property setting and it will be selected by default)
2025-11-08T06:51:59.976+05:30  INFO 8592 --- [Healthcare-Backend] [restartedMain] org.hibernate.orm.connections.pooling    : HHH10001005: Database info:
	Database JDBC URL [Connecting through datasource 'HikariDataSource (HikariPool-8)']
	Database driver: undefined/unknown
	Database version: 8.0.43
	Autocommit mode: undefined/unknown
	Isolation level: undefined/unknown
	Minimum pool size: undefined/unknown
	Maximum pool size: undefined/unknown
2025-11-08T06:52:00.111+05:30  INFO 8592 --- [Healthcare-Backend] [restartedMain] o.h.e.t.j.p.i.JtaPlatformInitiator       : HHH000489: No JTA platform available (set 'hibernate.transaction.jta.platform' to enable JTA platform integration)
2025-11-08T06:52:00.184+05:30  INFO 8592 --- [Healthcare-Backend] [restartedMain] j.LocalContainerEntityManagerFactoryBean : Initialized JPA EntityManagerFactory for persistence unit 'default'
2025-11-08T06:52:00.692+05:30  WARN 8592 --- [Healthcare-Backend] [restartedMain] .s.s.UserDetailsServiceAutoConfiguration : 

Using generated security password: e1163679-7142-49a7-803a-ce903ec22ca2

This generated password is for development use only. Your security configuration must be updated before running your application in production.

2025-11-08T06:52:00.694+05:30  INFO 8592 --- [Healthcare-Backend] [restartedMain] r$InitializeUserDetailsManagerConfigurer : Global AuthenticationManager configured with UserDetailsService bean with name inMemoryUserDetailsManager
2025-11-08T06:52:00.716+05:30  INFO 8592 --- [Healthcare-Backend] [restartedMain] o.s.b.a.e.web.EndpointLinksResolver      : Exposing 1 endpoint beneath base path '/actuator'
2025-11-08T06:52:00.763+05:30  INFO 8592 --- [Healthcare-Backend] [restartedMain] o.s.b.d.a.OptionalLiveReloadServer       : LiveReload server is running on port 35729
2025-11-08T06:52:00.790+05:30  INFO 8592 --- [Healthcare-Backend] [restartedMain] o.s.b.w.embedded.tomcat.TomcatWebServer  : Tomcat started on port 8080 (http) with context path '/'
2025-11-08T06:52:00.805+05:30  INFO 8592 --- [Healthcare-Backend] [restartedMain] com.healthcare.Application               : Started Application in 1.794 seconds (process running for 397.01)
2025-11-08T06:52:00.812+05:30  INFO 8592 --- [Healthcare-Backend] [restartedMain] .ConditionEvaluationDeltaLoggingListener : Condition evaluation delta:


==========================
CONDITION EVALUATION DELTA
==========================


Positive matches:
-----------------

   LogFileWebEndpointAutoConfiguration#logFileWebEndpoint matched:
      - Log File found logging.file.name logs/app.log (LogFileWebEndpointAutoConfiguration.LogFileCondition)
      - @ConditionalOnMissingBean (types: org.springframework.boot.actuate.logging.LogFileWebEndpoint; SearchStrategy: all) did not find any beans (OnBeanCondition)


Negative matches:
-----------------

    None


Exclusions:
-----------

    None


Unconditional classes:
----------------------

    None



2025-11-08T06:52:00.813+05:30  WARN 8592 --- [Healthcare-Backend] [restartedMain] o.s.core.events.SpringDocAppInitializer  : SpringDoc /v3/api-docs endpoint is enabled by default. To disable it in production, set the property 'springdoc.api-docs.enabled=false'
2025-11-08T06:52:00.813+05:30  WARN 8592 --- [Healthcare-Backend] [restartedMain] o.s.core.events.SpringDocAppInitializer  : SpringDoc /swagger-ui.html endpoint is enabled by default. To disable it in production, set the property 'springdoc.swagger-ui.enabled=false'
2025-11-08T06:52:18.295+05:30  INFO 8592 --- [Healthcare-Backend] [File Watcher] rtingClassPathChangeChangedEventListener : Restarting due to 1 class path change (0 additions, 0 deletions, 1 modification)
2025-11-08T06:52:18.298+05:30  INFO 8592 --- [Healthcare-Backend] [Thread-31] o.s.b.w.e.tomcat.GracefulShutdown        : Commencing graceful shutdown. Waiting for active requests to complete
2025-11-08T06:52:18.313+05:30  INFO 8592 --- [Healthcare-Backend] [tomcat-shutdown] o.s.b.w.e.tomcat.GracefulShutdown        : Graceful shutdown complete
2025-11-08T06:52:18.317+05:30  INFO 8592 --- [Healthcare-Backend] [Thread-31] j.LocalContainerEntityManagerFactoryBean : Closing JPA EntityManagerFactory for persistence unit 'default'
2025-11-08T06:52:18.318+05:30  INFO 8592 --- [Healthcare-Backend] [Thread-31] com.zaxxer.hikari.HikariDataSource       : HikariPool-8 - Shutdown initiated...
2025-11-08T06:52:18.322+05:30  INFO 8592 --- [Healthcare-Backend] [Thread-31] com.zaxxer.hikari.HikariDataSource       : HikariPool-8 - Shutdown completed.
